[1.079s] Invoking command in '/home/robot/ws_aprendendo_ros2/src/build/meu_segundo_pacote': PYTHONPATH=/home/robot/ws_aprendendo_ros2/src/build/meu_segundo_pacote/prefix_override:/home/robot/ws_aprendendo_ros2/src/install/meu_segundo_pacote/lib/python3.10/site-packages:${PYTHONPATH} /usr/bin/python3 setup.py develop --uninstall --editable --build-directory /home/robot/ws_aprendendo_ros2/src/build/meu_segundo_pacote/build
[1.592s] running develop
[1.957s] Invoked command in '/home/robot/ws_aprendendo_ros2/src/build/meu_segundo_pacote' returned '0': PYTHONPATH=/home/robot/ws_aprendendo_ros2/src/build/meu_segundo_pacote/prefix_override:/home/robot/ws_aprendendo_ros2/src/install/meu_segundo_pacote/lib/python3.10/site-packages:${PYTHONPATH} /usr/bin/python3 setup.py develop --uninstall --editable --build-directory /home/robot/ws_aprendendo_ros2/src/build/meu_segundo_pacote/build
[1.958s] Invoking command in '/home/robot/ws_aprendendo_ros2/src/meu_segundo_pacote': PYTHONPATH=/home/robot/ws_aprendendo_ros2/src/build/meu_segundo_pacote/prefix_override:/home/robot/ws_aprendendo_ros2/src/install/meu_segundo_pacote/lib/python3.10/site-packages:${PYTHONPATH} /usr/bin/python3 setup.py egg_info --egg-base ../build/meu_segundo_pacote build --build-base /home/robot/ws_aprendendo_ros2/src/build/meu_segundo_pacote/build install --record /home/robot/ws_aprendendo_ros2/src/build/meu_segundo_pacote/install.log --single-version-externally-managed
[2.324s] running egg_info
[2.325s] writing ../build/meu_segundo_pacote/meu_segundo_pacote.egg-info/PKG-INFO
[2.326s] writing dependency_links to ../build/meu_segundo_pacote/meu_segundo_pacote.egg-info/dependency_links.txt
[2.327s] writing entry points to ../build/meu_segundo_pacote/meu_segundo_pacote.egg-info/entry_points.txt
[2.328s] writing requirements to ../build/meu_segundo_pacote/meu_segundo_pacote.egg-info/requires.txt
[2.329s] writing top-level names to ../build/meu_segundo_pacote/meu_segundo_pacote.egg-info/top_level.txt
[2.329s] reading manifest file '../build/meu_segundo_pacote/meu_segundo_pacote.egg-info/SOURCES.txt'
[2.330s] writing manifest file '../build/meu_segundo_pacote/meu_segundo_pacote.egg-info/SOURCES.txt'
[2.331s] running build
[2.332s] running build_py
[2.332s] running install
[2.342s] running install_lib
[2.343s] running install_data
[2.344s] running install_egg_info
[2.344s] removing '/home/robot/ws_aprendendo_ros2/src/install/meu_segundo_pacote/lib/python3.10/site-packages/meu_segundo_pacote-0.0.0-py3.10.egg-info' (and everything under it)
[2.344s] Copying ../build/meu_segundo_pacote/meu_segundo_pacote.egg-info to /home/robot/ws_aprendendo_ros2/src/install/meu_segundo_pacote/lib/python3.10/site-packages/meu_segundo_pacote-0.0.0-py3.10.egg-info
[2.344s] running install_scripts
[2.362s] Installing meu_segundo_no script to /home/robot/ws_aprendendo_ros2/src/install/meu_segundo_pacote/lib/meu_segundo_pacote
[2.363s] writing list of installed files to '/home/robot/ws_aprendendo_ros2/src/build/meu_segundo_pacote/install.log'
[2.398s] Invoked command in '/home/robot/ws_aprendendo_ros2/src/meu_segundo_pacote' returned '0': PYTHONPATH=/home/robot/ws_aprendendo_ros2/src/build/meu_segundo_pacote/prefix_override:/home/robot/ws_aprendendo_ros2/src/install/meu_segundo_pacote/lib/python3.10/site-packages:${PYTHONPATH} /usr/bin/python3 setup.py egg_info --egg-base ../build/meu_segundo_pacote build --build-base /home/robot/ws_aprendendo_ros2/src/build/meu_segundo_pacote/build install --record /home/robot/ws_aprendendo_ros2/src/build/meu_segundo_pacote/install.log --single-version-externally-managed
