[0.327s] DEBUG:colcon:Command line arguments: ['/usr/bin/colcon', 'build']
[0.327s] DEBUG:colcon:Parsed command line arguments: Namespace(log_base=None, log_level=None, verb_name='build', build_base='build', install_base='install', merge_install=False, symlink_install=False, test_result_base=None, continue_on_error=False, executor='parallel', parallel_workers=2, event_handlers=None, ignore_user_meta=False, metas=['./colcon.meta'], base_paths=['.'], packages_ignore=None, packages_ignore_regex=None, paths=None, packages_up_to=None, packages_up_to_regex=None, packages_above=None, packages_above_and_dependencies=None, packages_above_depth=None, packages_select_by_dep=None, packages_skip_by_dep=None, packages_skip_up_to=None, packages_select_build_failed=False, packages_skip_build_finished=False, packages_select_test_failures=False, packages_skip_test_passed=False, packages_select=None, packages_skip=None, packages_select_regex=None, packages_skip_regex=None, packages_start=None, packages_end=None, cmake_args=None, cmake_target=None, cmake_target_skip_unavailable=False, cmake_clean_cache=False, cmake_clean_first=False, cmake_force_configure=False, ament_cmake_args=None, catkin_cmake_args=None, catkin_skip_building_tests=False, mixin_files=None, mixin=None, verb_parser=<colcon_mixin.mixin.mixin_argument.MixinArgumentDecorator object at 0x7914c5b3b940>, verb_extension=<colcon_core.verb.build.BuildVerb object at 0x7914c5b3b2b0>, main=<bound method BuildVerb.main of <colcon_core.verb.build.BuildVerb object at 0x7914c5b3b2b0>>, mixin_verb=('build',))
[0.356s] Level 1:colcon.colcon_core.package_discovery:discover_packages(colcon_meta) check parameters
[0.357s] INFO:colcon.colcon_metadata.package_discovery.colcon_meta:Using configuration from '/root/.colcon/metadata/default/Gazebo.meta'
[0.358s] INFO:colcon.colcon_metadata.package_discovery.colcon_meta:Using configuration from '/root/.colcon/metadata/default/fastrtps.meta'
[0.358s] Level 1:colcon.colcon_core.package_discovery:discover_packages(recursive) check parameters
[0.358s] Level 1:colcon.colcon_core.package_discovery:discover_packages(ignore) check parameters
[0.358s] Level 1:colcon.colcon_core.package_discovery:discover_packages(path) check parameters
[0.358s] Level 1:colcon.colcon_core.package_discovery:discover_packages(colcon_meta) discover
[0.358s] Level 1:colcon.colcon_core.package_discovery:discover_packages(recursive) discover
[0.358s] INFO:colcon.colcon_core.package_discovery:Crawling recursively for packages in '/home/robot/ws_aprendendo_ros2/src'
[0.358s] Level 1:colcon.colcon_core.package_identification:_identify(.) by extensions ['ignore', 'ignore_ament_install']
[0.358s] Level 1:colcon.colcon_core.package_identification:_identify(.) by extension 'ignore'
[0.359s] Level 1:colcon.colcon_core.package_identification:_identify(.) by extension 'ignore_ament_install'
[0.359s] Level 1:colcon.colcon_core.package_identification:_identify(.) by extensions ['colcon_pkg']
[0.359s] Level 1:colcon.colcon_core.package_identification:_identify(.) by extension 'colcon_pkg'
[0.359s] Level 1:colcon.colcon_core.package_identification:_identify(.) by extensions ['colcon_meta']
[0.359s] Level 1:colcon.colcon_core.package_identification:_identify(.) by extension 'colcon_meta'
[0.359s] Level 1:colcon.colcon_core.package_identification:_identify(.) by extensions ['ros']
[0.359s] Level 1:colcon.colcon_core.package_identification:_identify(.) by extension 'ros'
[0.369s] Level 1:colcon.colcon_core.package_identification:_identify(.) by extensions ['cmake', 'python']
[0.369s] Level 1:colcon.colcon_core.package_identification:_identify(.) by extension 'cmake'
[0.369s] Level 1:colcon.colcon_core.package_identification:_identify(.) by extension 'python'
[0.370s] Level 1:colcon.colcon_core.package_identification:_identify(.) by extensions ['python_setup_py']
[0.370s] Level 1:colcon.colcon_core.package_identification:_identify(.) by extension 'python_setup_py'
[0.370s] Level 1:colcon.colcon_core.package_identification:_identify(build) by extensions ['ignore', 'ignore_ament_install']
[0.370s] Level 1:colcon.colcon_core.package_identification:_identify(build) by extension 'ignore'
[0.370s] Level 1:colcon.colcon_core.package_identification:_identify(build) ignored
[0.370s] Level 1:colcon.colcon_core.package_identification:_identify(install) by extensions ['ignore', 'ignore_ament_install']
[0.370s] Level 1:colcon.colcon_core.package_identification:_identify(install) by extension 'ignore'
[0.370s] Level 1:colcon.colcon_core.package_identification:_identify(install) ignored
[0.371s] Level 1:colcon.colcon_core.package_identification:_identify(log) by extensions ['ignore', 'ignore_ament_install']
[0.371s] Level 1:colcon.colcon_core.package_identification:_identify(log) by extension 'ignore'
[0.371s] Level 1:colcon.colcon_core.package_identification:_identify(log) ignored
[0.371s] Level 1:colcon.colcon_core.package_identification:_identify(meu_primeiro_pacote) by extensions ['ignore', 'ignore_ament_install']
[0.371s] Level 1:colcon.colcon_core.package_identification:_identify(meu_primeiro_pacote) by extension 'ignore'
[0.371s] Level 1:colcon.colcon_core.package_identification:_identify(meu_primeiro_pacote) by extension 'ignore_ament_install'
[0.371s] Level 1:colcon.colcon_core.package_identification:_identify(meu_primeiro_pacote) by extensions ['colcon_pkg']
[0.371s] Level 1:colcon.colcon_core.package_identification:_identify(meu_primeiro_pacote) by extension 'colcon_pkg'
[0.371s] Level 1:colcon.colcon_core.package_identification:_identify(meu_primeiro_pacote) by extensions ['colcon_meta']
[0.371s] Level 1:colcon.colcon_core.package_identification:_identify(meu_primeiro_pacote) by extension 'colcon_meta'
[0.372s] Level 1:colcon.colcon_core.package_identification:_identify(meu_primeiro_pacote) by extensions ['ros']
[0.372s] Level 1:colcon.colcon_core.package_identification:_identify(meu_primeiro_pacote) by extension 'ros'
[0.374s] DEBUG:colcon.colcon_core.package_identification:Package 'meu_primeiro_pacote' with type 'ros.ament_python' and name 'meu_primeiro_pacote'
[0.374s] Level 1:colcon.colcon_core.package_identification:_identify(meu_segundo_pacote) by extensions ['ignore', 'ignore_ament_install']
[0.374s] Level 1:colcon.colcon_core.package_identification:_identify(meu_segundo_pacote) by extension 'ignore'
[0.374s] Level 1:colcon.colcon_core.package_identification:_identify(meu_segundo_pacote) by extension 'ignore_ament_install'
[0.374s] Level 1:colcon.colcon_core.package_identification:_identify(meu_segundo_pacote) by extensions ['colcon_pkg']
[0.374s] Level 1:colcon.colcon_core.package_identification:_identify(meu_segundo_pacote) by extension 'colcon_pkg'
[0.374s] Level 1:colcon.colcon_core.package_identification:_identify(meu_segundo_pacote) by extensions ['colcon_meta']
[0.374s] Level 1:colcon.colcon_core.package_identification:_identify(meu_segundo_pacote) by extension 'colcon_meta'
[0.375s] Level 1:colcon.colcon_core.package_identification:_identify(meu_segundo_pacote) by extensions ['ros']
[0.375s] Level 1:colcon.colcon_core.package_identification:_identify(meu_segundo_pacote) by extension 'ros'
[0.375s] DEBUG:colcon.colcon_core.package_identification:Package 'meu_segundo_pacote' with type 'ros.ament_python' and name 'meu_segundo_pacote'
[0.375s] Level 1:colcon.colcon_core.package_identification:_identify(pacote_de_exemplos) by extensions ['ignore', 'ignore_ament_install']
[0.375s] Level 1:colcon.colcon_core.package_identification:_identify(pacote_de_exemplos) by extension 'ignore'
[0.375s] Level 1:colcon.colcon_core.package_identification:_identify(pacote_de_exemplos) by extension 'ignore_ament_install'
[0.376s] Level 1:colcon.colcon_core.package_identification:_identify(pacote_de_exemplos) by extensions ['colcon_pkg']
[0.376s] Level 1:colcon.colcon_core.package_identification:_identify(pacote_de_exemplos) by extension 'colcon_pkg'
[0.376s] Level 1:colcon.colcon_core.package_identification:_identify(pacote_de_exemplos) by extensions ['colcon_meta']
[0.376s] Level 1:colcon.colcon_core.package_identification:_identify(pacote_de_exemplos) by extension 'colcon_meta'
[0.376s] Level 1:colcon.colcon_core.package_identification:_identify(pacote_de_exemplos) by extensions ['ros']
[0.376s] Level 1:colcon.colcon_core.package_identification:_identify(pacote_de_exemplos) by extension 'ros'
[0.376s] DEBUG:colcon.colcon_core.package_identification:Package 'pacote_de_exemplos' with type 'ros.ament_python' and name 'pacote_de_exemplos'
[0.376s] Level 1:colcon.colcon_core.package_discovery:discover_packages(recursive) using defaults
[0.377s] Level 1:colcon.colcon_core.package_discovery:discover_packages(ignore) discover
[0.377s] Level 1:colcon.colcon_core.package_discovery:discover_packages(ignore) using defaults
[0.377s] Level 1:colcon.colcon_core.package_discovery:discover_packages(path) discover
[0.377s] Level 1:colcon.colcon_core.package_discovery:discover_packages(path) using defaults
[0.399s] Level 5:colcon.colcon_core.verb:set package 'meu_primeiro_pacote' build argument 'cmake_args' from command line to 'None'
[0.399s] Level 5:colcon.colcon_core.verb:set package 'meu_primeiro_pacote' build argument 'cmake_target' from command line to 'None'
[0.399s] Level 5:colcon.colcon_core.verb:set package 'meu_primeiro_pacote' build argument 'cmake_target_skip_unavailable' from command line to 'False'
[0.399s] Level 5:colcon.colcon_core.verb:set package 'meu_primeiro_pacote' build argument 'cmake_clean_cache' from command line to 'False'
[0.399s] Level 5:colcon.colcon_core.verb:set package 'meu_primeiro_pacote' build argument 'cmake_clean_first' from command line to 'False'
[0.399s] Level 5:colcon.colcon_core.verb:set package 'meu_primeiro_pacote' build argument 'cmake_force_configure' from command line to 'False'
[0.399s] Level 5:colcon.colcon_core.verb:set package 'meu_primeiro_pacote' build argument 'ament_cmake_args' from command line to 'None'
[0.399s] Level 5:colcon.colcon_core.verb:set package 'meu_primeiro_pacote' build argument 'catkin_cmake_args' from command line to 'None'
[0.399s] Level 5:colcon.colcon_core.verb:set package 'meu_primeiro_pacote' build argument 'catkin_skip_building_tests' from command line to 'False'
[0.399s] DEBUG:colcon.colcon_core.verb:Building package 'meu_primeiro_pacote' with the following arguments: {'ament_cmake_args': None, 'build_base': '/home/robot/ws_aprendendo_ros2/src/build/meu_primeiro_pacote', 'catkin_cmake_args': None, 'catkin_skip_building_tests': False, 'cmake_args': None, 'cmake_clean_cache': False, 'cmake_clean_first': False, 'cmake_force_configure': False, 'cmake_target': None, 'cmake_target_skip_unavailable': False, 'install_base': '/home/robot/ws_aprendendo_ros2/src/install/meu_primeiro_pacote', 'merge_install': False, 'path': '/home/robot/ws_aprendendo_ros2/src/meu_primeiro_pacote', 'symlink_install': False, 'test_result_base': None}
[0.400s] Level 5:colcon.colcon_core.verb:set package 'meu_segundo_pacote' build argument 'cmake_args' from command line to 'None'
[0.400s] Level 5:colcon.colcon_core.verb:set package 'meu_segundo_pacote' build argument 'cmake_target' from command line to 'None'
[0.400s] Level 5:colcon.colcon_core.verb:set package 'meu_segundo_pacote' build argument 'cmake_target_skip_unavailable' from command line to 'False'
[0.400s] Level 5:colcon.colcon_core.verb:set package 'meu_segundo_pacote' build argument 'cmake_clean_cache' from command line to 'False'
[0.400s] Level 5:colcon.colcon_core.verb:set package 'meu_segundo_pacote' build argument 'cmake_clean_first' from command line to 'False'
[0.400s] Level 5:colcon.colcon_core.verb:set package 'meu_segundo_pacote' build argument 'cmake_force_configure' from command line to 'False'
[0.400s] Level 5:colcon.colcon_core.verb:set package 'meu_segundo_pacote' build argument 'ament_cmake_args' from command line to 'None'
[0.400s] Level 5:colcon.colcon_core.verb:set package 'meu_segundo_pacote' build argument 'catkin_cmake_args' from command line to 'None'
[0.401s] Level 5:colcon.colcon_core.verb:set package 'meu_segundo_pacote' build argument 'catkin_skip_building_tests' from command line to 'False'
[0.401s] DEBUG:colcon.colcon_core.verb:Building package 'meu_segundo_pacote' with the following arguments: {'ament_cmake_args': None, 'build_base': '/home/robot/ws_aprendendo_ros2/src/build/meu_segundo_pacote', 'catkin_cmake_args': None, 'catkin_skip_building_tests': False, 'cmake_args': None, 'cmake_clean_cache': False, 'cmake_clean_first': False, 'cmake_force_configure': False, 'cmake_target': None, 'cmake_target_skip_unavailable': False, 'install_base': '/home/robot/ws_aprendendo_ros2/src/install/meu_segundo_pacote', 'merge_install': False, 'path': '/home/robot/ws_aprendendo_ros2/src/meu_segundo_pacote', 'symlink_install': False, 'test_result_base': None}
[0.402s] Level 5:colcon.colcon_core.verb:set package 'pacote_de_exemplos' build argument 'cmake_args' from command line to 'None'
[0.402s] Level 5:colcon.colcon_core.verb:set package 'pacote_de_exemplos' build argument 'cmake_target' from command line to 'None'
[0.402s] Level 5:colcon.colcon_core.verb:set package 'pacote_de_exemplos' build argument 'cmake_target_skip_unavailable' from command line to 'False'
[0.402s] Level 5:colcon.colcon_core.verb:set package 'pacote_de_exemplos' build argument 'cmake_clean_cache' from command line to 'False'
[0.402s] Level 5:colcon.colcon_core.verb:set package 'pacote_de_exemplos' build argument 'cmake_clean_first' from command line to 'False'
[0.402s] Level 5:colcon.colcon_core.verb:set package 'pacote_de_exemplos' build argument 'cmake_force_configure' from command line to 'False'
[0.402s] Level 5:colcon.colcon_core.verb:set package 'pacote_de_exemplos' build argument 'ament_cmake_args' from command line to 'None'
[0.402s] Level 5:colcon.colcon_core.verb:set package 'pacote_de_exemplos' build argument 'catkin_cmake_args' from command line to 'None'
[0.402s] Level 5:colcon.colcon_core.verb:set package 'pacote_de_exemplos' build argument 'catkin_skip_building_tests' from command line to 'False'
[0.402s] DEBUG:colcon.colcon_core.verb:Building package 'pacote_de_exemplos' with the following arguments: {'ament_cmake_args': None, 'build_base': '/home/robot/ws_aprendendo_ros2/src/build/pacote_de_exemplos', 'catkin_cmake_args': None, 'catkin_skip_building_tests': False, 'cmake_args': None, 'cmake_clean_cache': False, 'cmake_clean_first': False, 'cmake_force_configure': False, 'cmake_target': None, 'cmake_target_skip_unavailable': False, 'install_base': '/home/robot/ws_aprendendo_ros2/src/install/pacote_de_exemplos', 'merge_install': False, 'path': '/home/robot/ws_aprendendo_ros2/src/pacote_de_exemplos', 'symlink_install': False, 'test_result_base': None}
[0.403s] INFO:colcon.colcon_core.executor:Executing jobs using 'parallel' executor
[0.406s] DEBUG:colcon.colcon_parallel_executor.executor.parallel:run_until_complete
[0.407s] INFO:colcon.colcon_ros.task.ament_python.build:Building ROS package in '/home/robot/ws_aprendendo_ros2/src/meu_primeiro_pacote' with build type 'ament_python'
[0.407s] Level 1:colcon.colcon_core.shell:create_environment_hook('meu_primeiro_pacote', 'ament_prefix_path')
[0.411s] INFO:colcon.colcon_core.plugin_system:Skipping extension 'colcon_core.shell.bat': Not used on non-Windows systems
[0.411s] INFO:colcon.colcon_core.shell:Creating environment hook '/home/robot/ws_aprendendo_ros2/src/install/meu_primeiro_pacote/share/meu_primeiro_pacote/hook/ament_prefix_path.ps1'
[0.412s] INFO:colcon.colcon_core.shell:Creating environment descriptor '/home/robot/ws_aprendendo_ros2/src/install/meu_primeiro_pacote/share/meu_primeiro_pacote/hook/ament_prefix_path.dsv'
[0.413s] INFO:colcon.colcon_core.shell:Creating environment hook '/home/robot/ws_aprendendo_ros2/src/install/meu_primeiro_pacote/share/meu_primeiro_pacote/hook/ament_prefix_path.sh'
[0.414s] INFO:colcon.colcon_core.shell:Skip shell extension 'powershell' for command environment: Not usable outside of PowerShell
[0.414s] DEBUG:colcon.colcon_core.shell:Skip shell extension 'dsv' for command environment
[0.422s] INFO:colcon.colcon_ros.task.ament_python.build:Building ROS package in '/home/robot/ws_aprendendo_ros2/src/meu_segundo_pacote' with build type 'ament_python'
[0.422s] Level 1:colcon.colcon_core.shell:create_environment_hook('meu_segundo_pacote', 'ament_prefix_path')
[0.424s] INFO:colcon.colcon_core.shell:Creating environment hook '/home/robot/ws_aprendendo_ros2/src/install/meu_segundo_pacote/share/meu_segundo_pacote/hook/ament_prefix_path.ps1'
[0.424s] INFO:colcon.colcon_core.shell:Creating environment descriptor '/home/robot/ws_aprendendo_ros2/src/install/meu_segundo_pacote/share/meu_segundo_pacote/hook/ament_prefix_path.dsv'
[0.425s] INFO:colcon.colcon_core.shell:Creating environment hook '/home/robot/ws_aprendendo_ros2/src/install/meu_segundo_pacote/share/meu_segundo_pacote/hook/ament_prefix_path.sh'
[0.426s] INFO:colcon.colcon_core.shell:Skip shell extension 'powershell' for command environment: Not usable outside of PowerShell
[0.426s] DEBUG:colcon.colcon_core.shell:Skip shell extension 'dsv' for command environment
[0.690s] INFO:colcon.colcon_core.task.python.build:Building Python package in '/home/robot/ws_aprendendo_ros2/src/meu_primeiro_pacote'
[0.691s] INFO:colcon.colcon_core.shell:Skip shell extension 'powershell' for command environment: Not usable outside of PowerShell
[0.691s] DEBUG:colcon.colcon_core.shell:Skip shell extension 'dsv' for command environment
[0.973s] INFO:colcon.colcon_core.task.python.build:Building Python package in '/home/robot/ws_aprendendo_ros2/src/meu_segundo_pacote'
[0.974s] INFO:colcon.colcon_core.shell:Skip shell extension 'powershell' for command environment: Not usable outside of PowerShell
[0.974s] DEBUG:colcon.colcon_core.shell:Skip shell extension 'dsv' for command environment
[1.489s] DEBUG:colcon.colcon_core.event_handler.log_command:Invoking command in '/home/robot/ws_aprendendo_ros2/src/build/meu_primeiro_pacote': PYTHONPATH=/home/robot/ws_aprendendo_ros2/src/build/meu_primeiro_pacote/prefix_override:/home/robot/ws_aprendendo_ros2/src/install/meu_primeiro_pacote/lib/python3.10/site-packages:${PYTHONPATH} /usr/bin/python3 setup.py develop --uninstall --editable --build-directory /home/robot/ws_aprendendo_ros2/src/build/meu_primeiro_pacote/build
[1.514s] DEBUG:colcon.colcon_core.event_handler.log_command:Invoking command in '/home/robot/ws_aprendendo_ros2/src/build/meu_segundo_pacote': PYTHONPATH=/home/robot/ws_aprendendo_ros2/src/build/meu_segundo_pacote/prefix_override:/home/robot/ws_aprendendo_ros2/src/install/meu_segundo_pacote/lib/python3.10/site-packages:${PYTHONPATH} /usr/bin/python3 setup.py develop --uninstall --editable --build-directory /home/robot/ws_aprendendo_ros2/src/build/meu_segundo_pacote/build
[2.264s] DEBUG:colcon.colcon_core.event_handler.log_command:Invoked command in '/home/robot/ws_aprendendo_ros2/src/build/meu_primeiro_pacote' returned '0': PYTHONPATH=/home/robot/ws_aprendendo_ros2/src/build/meu_primeiro_pacote/prefix_override:/home/robot/ws_aprendendo_ros2/src/install/meu_primeiro_pacote/lib/python3.10/site-packages:${PYTHONPATH} /usr/bin/python3 setup.py develop --uninstall --editable --build-directory /home/robot/ws_aprendendo_ros2/src/build/meu_primeiro_pacote/build
[2.266s] DEBUG:colcon.colcon_core.event_handler.log_command:Invoking command in '/home/robot/ws_aprendendo_ros2/src/meu_primeiro_pacote': PYTHONPATH=/home/robot/ws_aprendendo_ros2/src/build/meu_primeiro_pacote/prefix_override:/home/robot/ws_aprendendo_ros2/src/install/meu_primeiro_pacote/lib/python3.10/site-packages:${PYTHONPATH} /usr/bin/python3 setup.py egg_info --egg-base ../build/meu_primeiro_pacote build --build-base /home/robot/ws_aprendendo_ros2/src/build/meu_primeiro_pacote/build install --record /home/robot/ws_aprendendo_ros2/src/build/meu_primeiro_pacote/install.log --single-version-externally-managed
[2.270s] DEBUG:colcon.colcon_core.event_handler.log_command:Invoked command in '/home/robot/ws_aprendendo_ros2/src/build/meu_segundo_pacote' returned '0': PYTHONPATH=/home/robot/ws_aprendendo_ros2/src/build/meu_segundo_pacote/prefix_override:/home/robot/ws_aprendendo_ros2/src/install/meu_segundo_pacote/lib/python3.10/site-packages:${PYTHONPATH} /usr/bin/python3 setup.py develop --uninstall --editable --build-directory /home/robot/ws_aprendendo_ros2/src/build/meu_segundo_pacote/build
[2.272s] DEBUG:colcon.colcon_core.event_handler.log_command:Invoking command in '/home/robot/ws_aprendendo_ros2/src/meu_segundo_pacote': PYTHONPATH=/home/robot/ws_aprendendo_ros2/src/build/meu_segundo_pacote/prefix_override:/home/robot/ws_aprendendo_ros2/src/install/meu_segundo_pacote/lib/python3.10/site-packages:${PYTHONPATH} /usr/bin/python3 setup.py egg_info --egg-base ../build/meu_segundo_pacote build --build-base /home/robot/ws_aprendendo_ros2/src/build/meu_segundo_pacote/build install --record /home/robot/ws_aprendendo_ros2/src/build/meu_segundo_pacote/install.log --single-version-externally-managed
[2.727s] DEBUG:colcon.colcon_core.event_handler.log_command:Invoked command in '/home/robot/ws_aprendendo_ros2/src/meu_primeiro_pacote' returned '0': PYTHONPATH=/home/robot/ws_aprendendo_ros2/src/build/meu_primeiro_pacote/prefix_override:/home/robot/ws_aprendendo_ros2/src/install/meu_primeiro_pacote/lib/python3.10/site-packages:${PYTHONPATH} /usr/bin/python3 setup.py egg_info --egg-base ../build/meu_primeiro_pacote build --build-base /home/robot/ws_aprendendo_ros2/src/build/meu_primeiro_pacote/build install --record /home/robot/ws_aprendendo_ros2/src/build/meu_primeiro_pacote/install.log --single-version-externally-managed
[2.733s] Level 1:colcon.colcon_core.environment:checking '/home/robot/ws_aprendendo_ros2/src/install/meu_primeiro_pacote' for CMake module files
[2.734s] Level 1:colcon.colcon_core.environment:checking '/home/robot/ws_aprendendo_ros2/src/install/meu_primeiro_pacote' for CMake config files
[2.735s] Level 1:colcon.colcon_core.environment:checking '/home/robot/ws_aprendendo_ros2/src/install/meu_primeiro_pacote/lib'
[2.735s] Level 1:colcon.colcon_core.environment:checking '/home/robot/ws_aprendendo_ros2/src/install/meu_primeiro_pacote/bin'
[2.736s] Level 1:colcon.colcon_core.environment:checking '/home/robot/ws_aprendendo_ros2/src/install/meu_primeiro_pacote/lib/pkgconfig/meu_primeiro_pacote.pc'
[2.736s] Level 1:colcon.colcon_core.environment:checking '/home/robot/ws_aprendendo_ros2/src/install/meu_primeiro_pacote/lib/python3.10/site-packages'
[2.736s] Level 1:colcon.colcon_core.shell:create_environment_hook('meu_primeiro_pacote', 'pythonpath')
[2.738s] INFO:colcon.colcon_core.shell:Creating environment hook '/home/robot/ws_aprendendo_ros2/src/install/meu_primeiro_pacote/share/meu_primeiro_pacote/hook/pythonpath.ps1'
[2.739s] INFO:colcon.colcon_core.shell:Creating environment descriptor '/home/robot/ws_aprendendo_ros2/src/install/meu_primeiro_pacote/share/meu_primeiro_pacote/hook/pythonpath.dsv'
[2.739s] INFO:colcon.colcon_core.shell:Creating environment hook '/home/robot/ws_aprendendo_ros2/src/install/meu_primeiro_pacote/share/meu_primeiro_pacote/hook/pythonpath.sh'
[2.740s] Level 1:colcon.colcon_core.environment:checking '/home/robot/ws_aprendendo_ros2/src/install/meu_primeiro_pacote/bin'
[2.740s] Level 1:colcon.colcon_core.environment:create_environment_scripts_only(meu_primeiro_pacote)
[2.742s] INFO:colcon.colcon_core.shell:Creating package script '/home/robot/ws_aprendendo_ros2/src/install/meu_primeiro_pacote/share/meu_primeiro_pacote/package.ps1'
[2.743s] INFO:colcon.colcon_core.shell:Creating package descriptor '/home/robot/ws_aprendendo_ros2/src/install/meu_primeiro_pacote/share/meu_primeiro_pacote/package.dsv'
[2.744s] INFO:colcon.colcon_core.shell:Creating package script '/home/robot/ws_aprendendo_ros2/src/install/meu_primeiro_pacote/share/meu_primeiro_pacote/package.sh'
[2.745s] INFO:colcon.colcon_core.shell:Creating package script '/home/robot/ws_aprendendo_ros2/src/install/meu_primeiro_pacote/share/meu_primeiro_pacote/package.bash'
[2.746s] INFO:colcon.colcon_core.shell:Creating package script '/home/robot/ws_aprendendo_ros2/src/install/meu_primeiro_pacote/share/meu_primeiro_pacote/package.zsh'
[2.746s] Level 1:colcon.colcon_core.environment:create_file_with_runtime_dependencies(/home/robot/ws_aprendendo_ros2/src/install/meu_primeiro_pacote/share/colcon-core/packages/meu_primeiro_pacote)
[2.747s] INFO:colcon.colcon_ros.task.ament_python.build:Building ROS package in '/home/robot/ws_aprendendo_ros2/src/pacote_de_exemplos' with build type 'ament_python'
[2.747s] Level 1:colcon.colcon_core.shell:create_environment_hook('pacote_de_exemplos', 'ament_prefix_path')
[2.749s] INFO:colcon.colcon_core.shell:Creating environment hook '/home/robot/ws_aprendendo_ros2/src/install/pacote_de_exemplos/share/pacote_de_exemplos/hook/ament_prefix_path.ps1'
[2.749s] INFO:colcon.colcon_core.shell:Creating environment descriptor '/home/robot/ws_aprendendo_ros2/src/install/pacote_de_exemplos/share/pacote_de_exemplos/hook/ament_prefix_path.dsv'
[2.750s] INFO:colcon.colcon_core.shell:Creating environment hook '/home/robot/ws_aprendendo_ros2/src/install/pacote_de_exemplos/share/pacote_de_exemplos/hook/ament_prefix_path.sh'
[2.752s] INFO:colcon.colcon_core.shell:Skip shell extension 'powershell' for command environment: Not usable outside of PowerShell
[2.753s] DEBUG:colcon.colcon_core.shell:Skip shell extension 'dsv' for command environment
[2.761s] Level 1:colcon.colcon_core.environment:checking '/home/robot/ws_aprendendo_ros2/src/install/meu_segundo_pacote' for CMake module files
[2.761s] DEBUG:colcon.colcon_core.event_handler.log_command:Invoked command in '/home/robot/ws_aprendendo_ros2/src/meu_segundo_pacote' returned '0': PYTHONPATH=/home/robot/ws_aprendendo_ros2/src/build/meu_segundo_pacote/prefix_override:/home/robot/ws_aprendendo_ros2/src/install/meu_segundo_pacote/lib/python3.10/site-packages:${PYTHONPATH} /usr/bin/python3 setup.py egg_info --egg-base ../build/meu_segundo_pacote build --build-base /home/robot/ws_aprendendo_ros2/src/build/meu_segundo_pacote/build install --record /home/robot/ws_aprendendo_ros2/src/build/meu_segundo_pacote/install.log --single-version-externally-managed
[2.762s] Level 1:colcon.colcon_core.environment:checking '/home/robot/ws_aprendendo_ros2/src/install/meu_segundo_pacote' for CMake config files
[2.763s] Level 1:colcon.colcon_core.environment:checking '/home/robot/ws_aprendendo_ros2/src/install/meu_segundo_pacote/lib'
[2.763s] Level 1:colcon.colcon_core.environment:checking '/home/robot/ws_aprendendo_ros2/src/install/meu_segundo_pacote/bin'
[2.763s] Level 1:colcon.colcon_core.environment:checking '/home/robot/ws_aprendendo_ros2/src/install/meu_segundo_pacote/lib/pkgconfig/meu_segundo_pacote.pc'
[2.763s] Level 1:colcon.colcon_core.environment:checking '/home/robot/ws_aprendendo_ros2/src/install/meu_segundo_pacote/lib/python3.10/site-packages'
[2.763s] Level 1:colcon.colcon_core.shell:create_environment_hook('meu_segundo_pacote', 'pythonpath')
[2.764s] INFO:colcon.colcon_core.shell:Creating environment hook '/home/robot/ws_aprendendo_ros2/src/install/meu_segundo_pacote/share/meu_segundo_pacote/hook/pythonpath.ps1'
[2.765s] INFO:colcon.colcon_core.shell:Creating environment descriptor '/home/robot/ws_aprendendo_ros2/src/install/meu_segundo_pacote/share/meu_segundo_pacote/hook/pythonpath.dsv'
[2.765s] INFO:colcon.colcon_core.shell:Creating environment hook '/home/robot/ws_aprendendo_ros2/src/install/meu_segundo_pacote/share/meu_segundo_pacote/hook/pythonpath.sh'
[2.766s] Level 1:colcon.colcon_core.environment:checking '/home/robot/ws_aprendendo_ros2/src/install/meu_segundo_pacote/bin'
[2.766s] Level 1:colcon.colcon_core.environment:create_environment_scripts_only(meu_segundo_pacote)
[2.767s] INFO:colcon.colcon_core.shell:Creating package script '/home/robot/ws_aprendendo_ros2/src/install/meu_segundo_pacote/share/meu_segundo_pacote/package.ps1'
[2.768s] INFO:colcon.colcon_core.shell:Creating package descriptor '/home/robot/ws_aprendendo_ros2/src/install/meu_segundo_pacote/share/meu_segundo_pacote/package.dsv'
[2.768s] INFO:colcon.colcon_core.shell:Creating package script '/home/robot/ws_aprendendo_ros2/src/install/meu_segundo_pacote/share/meu_segundo_pacote/package.sh'
[2.769s] INFO:colcon.colcon_core.shell:Creating package script '/home/robot/ws_aprendendo_ros2/src/install/meu_segundo_pacote/share/meu_segundo_pacote/package.bash'
[2.769s] INFO:colcon.colcon_core.shell:Creating package script '/home/robot/ws_aprendendo_ros2/src/install/meu_segundo_pacote/share/meu_segundo_pacote/package.zsh'
[2.769s] Level 1:colcon.colcon_core.environment:create_file_with_runtime_dependencies(/home/robot/ws_aprendendo_ros2/src/install/meu_segundo_pacote/share/colcon-core/packages/meu_segundo_pacote)
[3.040s] INFO:colcon.colcon_core.task.python.build:Building Python package in '/home/robot/ws_aprendendo_ros2/src/pacote_de_exemplos'
[3.042s] INFO:colcon.colcon_core.shell:Skip shell extension 'powershell' for command environment: Not usable outside of PowerShell
[3.042s] DEBUG:colcon.colcon_core.shell:Skip shell extension 'dsv' for command environment
[3.376s] DEBUG:colcon.colcon_core.event_handler.log_command:Invoking command in '/home/robot/ws_aprendendo_ros2/src/build/pacote_de_exemplos': PYTHONPATH=/home/robot/ws_aprendendo_ros2/src/build/pacote_de_exemplos/prefix_override:/home/robot/ws_aprendendo_ros2/src/install/pacote_de_exemplos/lib/python3.10/site-packages:${PYTHONPATH} /usr/bin/python3 setup.py develop --uninstall --editable --build-directory /home/robot/ws_aprendendo_ros2/src/build/pacote_de_exemplos/build
[3.794s] DEBUG:colcon.colcon_core.event_handler.log_command:Invoked command in '/home/robot/ws_aprendendo_ros2/src/build/pacote_de_exemplos' returned '0': PYTHONPATH=/home/robot/ws_aprendendo_ros2/src/build/pacote_de_exemplos/prefix_override:/home/robot/ws_aprendendo_ros2/src/install/pacote_de_exemplos/lib/python3.10/site-packages:${PYTHONPATH} /usr/bin/python3 setup.py develop --uninstall --editable --build-directory /home/robot/ws_aprendendo_ros2/src/build/pacote_de_exemplos/build
[3.796s] DEBUG:colcon.colcon_core.event_handler.log_command:Invoking command in '/home/robot/ws_aprendendo_ros2/src/pacote_de_exemplos': PYTHONPATH=/home/robot/ws_aprendendo_ros2/src/build/pacote_de_exemplos/prefix_override:/home/robot/ws_aprendendo_ros2/src/install/pacote_de_exemplos/lib/python3.10/site-packages:${PYTHONPATH} /usr/bin/python3 setup.py egg_info --egg-base ../build/pacote_de_exemplos build --build-base /home/robot/ws_aprendendo_ros2/src/build/pacote_de_exemplos/build install --record /home/robot/ws_aprendendo_ros2/src/build/pacote_de_exemplos/install.log --single-version-externally-managed
[4.095s] Level 1:colcon.colcon_core.environment:checking '/home/robot/ws_aprendendo_ros2/src/install/pacote_de_exemplos' for CMake module files
[4.096s] DEBUG:colcon.colcon_core.event_handler.log_command:Invoked command in '/home/robot/ws_aprendendo_ros2/src/pacote_de_exemplos' returned '0': PYTHONPATH=/home/robot/ws_aprendendo_ros2/src/build/pacote_de_exemplos/prefix_override:/home/robot/ws_aprendendo_ros2/src/install/pacote_de_exemplos/lib/python3.10/site-packages:${PYTHONPATH} /usr/bin/python3 setup.py egg_info --egg-base ../build/pacote_de_exemplos build --build-base /home/robot/ws_aprendendo_ros2/src/build/pacote_de_exemplos/build install --record /home/robot/ws_aprendendo_ros2/src/build/pacote_de_exemplos/install.log --single-version-externally-managed
[4.096s] Level 1:colcon.colcon_core.environment:checking '/home/robot/ws_aprendendo_ros2/src/install/pacote_de_exemplos' for CMake config files
[4.097s] Level 1:colcon.colcon_core.environment:checking '/home/robot/ws_aprendendo_ros2/src/install/pacote_de_exemplos/lib'
[4.097s] Level 1:colcon.colcon_core.environment:checking '/home/robot/ws_aprendendo_ros2/src/install/pacote_de_exemplos/bin'
[4.097s] Level 1:colcon.colcon_core.environment:checking '/home/robot/ws_aprendendo_ros2/src/install/pacote_de_exemplos/lib/pkgconfig/pacote_de_exemplos.pc'
[4.097s] Level 1:colcon.colcon_core.environment:checking '/home/robot/ws_aprendendo_ros2/src/install/pacote_de_exemplos/lib/python3.10/site-packages'
[4.097s] Level 1:colcon.colcon_core.shell:create_environment_hook('pacote_de_exemplos', 'pythonpath')
[4.099s] INFO:colcon.colcon_core.shell:Creating environment hook '/home/robot/ws_aprendendo_ros2/src/install/pacote_de_exemplos/share/pacote_de_exemplos/hook/pythonpath.ps1'
[4.099s] INFO:colcon.colcon_core.shell:Creating environment descriptor '/home/robot/ws_aprendendo_ros2/src/install/pacote_de_exemplos/share/pacote_de_exemplos/hook/pythonpath.dsv'
[4.100s] INFO:colcon.colcon_core.shell:Creating environment hook '/home/robot/ws_aprendendo_ros2/src/install/pacote_de_exemplos/share/pacote_de_exemplos/hook/pythonpath.sh'
[4.100s] Level 1:colcon.colcon_core.environment:checking '/home/robot/ws_aprendendo_ros2/src/install/pacote_de_exemplos/bin'
[4.100s] Level 1:colcon.colcon_core.environment:create_environment_scripts_only(pacote_de_exemplos)
[4.101s] INFO:colcon.colcon_core.shell:Creating package script '/home/robot/ws_aprendendo_ros2/src/install/pacote_de_exemplos/share/pacote_de_exemplos/package.ps1'
[4.102s] INFO:colcon.colcon_core.shell:Creating package descriptor '/home/robot/ws_aprendendo_ros2/src/install/pacote_de_exemplos/share/pacote_de_exemplos/package.dsv'
[4.102s] INFO:colcon.colcon_core.shell:Creating package script '/home/robot/ws_aprendendo_ros2/src/install/pacote_de_exemplos/share/pacote_de_exemplos/package.sh'
[4.103s] INFO:colcon.colcon_core.shell:Creating package script '/home/robot/ws_aprendendo_ros2/src/install/pacote_de_exemplos/share/pacote_de_exemplos/package.bash'
[4.103s] INFO:colcon.colcon_core.shell:Creating package script '/home/robot/ws_aprendendo_ros2/src/install/pacote_de_exemplos/share/pacote_de_exemplos/package.zsh'
[4.104s] Level 1:colcon.colcon_core.environment:create_file_with_runtime_dependencies(/home/robot/ws_aprendendo_ros2/src/install/pacote_de_exemplos/share/colcon-core/packages/pacote_de_exemplos)
[4.104s] DEBUG:colcon.colcon_parallel_executor.executor.parallel:closing loop
[4.105s] DEBUG:colcon.colcon_parallel_executor.executor.parallel:loop closed
[4.105s] DEBUG:colcon.colcon_parallel_executor.executor.parallel:run_until_complete finished with '0'
[4.105s] DEBUG:colcon.colcon_core.event_reactor:joining thread
[4.111s] INFO:colcon.colcon_core.plugin_system:Skipping extension 'colcon_notification.desktop_notification.notify_send': Could not find 'notify-send'
[4.111s] INFO:colcon.colcon_core.plugin_system:Skipping extension 'colcon_notification.desktop_notification.terminal_notifier': Not used on non-Darwin systems
[4.111s] INFO:colcon.colcon_core.plugin_system:Skipping extension 'colcon_notification.desktop_notification.win32': Not used on non-Windows systems
[4.111s] INFO:colcon.colcon_notification.desktop_notification:Sending desktop notification using 'notify2'
[4.114s] DEBUG:colcon.colcon_notification.desktop_notification.notify2:Failed to initialize notify2: org.freedesktop.DBus.Error.Spawn.ExecFailed: /usr/bin/dbus-launch terminated abnormally without any error message
[4.114s] DEBUG:colcon.colcon_core.event_reactor:joined thread
[4.116s] INFO:colcon.colcon_core.shell:Creating prefix script '/home/robot/ws_aprendendo_ros2/src/install/local_setup.ps1'
[4.117s] INFO:colcon.colcon_core.shell:Creating prefix util module '/home/robot/ws_aprendendo_ros2/src/install/_local_setup_util_ps1.py'
[4.118s] INFO:colcon.colcon_core.shell:Creating prefix chain script '/home/robot/ws_aprendendo_ros2/src/install/setup.ps1'
[4.120s] INFO:colcon.colcon_core.shell:Creating prefix script '/home/robot/ws_aprendendo_ros2/src/install/local_setup.sh'
[4.120s] INFO:colcon.colcon_core.shell:Creating prefix util module '/home/robot/ws_aprendendo_ros2/src/install/_local_setup_util_sh.py'
[4.121s] INFO:colcon.colcon_core.shell:Creating prefix chain script '/home/robot/ws_aprendendo_ros2/src/install/setup.sh'
[4.123s] INFO:colcon.colcon_core.shell:Creating prefix script '/home/robot/ws_aprendendo_ros2/src/install/local_setup.bash'
[4.123s] INFO:colcon.colcon_core.shell:Creating prefix chain script '/home/robot/ws_aprendendo_ros2/src/install/setup.bash'
[4.125s] INFO:colcon.colcon_core.shell:Creating prefix script '/home/robot/ws_aprendendo_ros2/src/install/local_setup.zsh'
[4.125s] INFO:colcon.colcon_core.shell:Creating prefix chain script '/home/robot/ws_aprendendo_ros2/src/install/setup.zsh'
