running develop
running egg_info
creating meu_segundo_pacote.egg-info
writing meu_segundo_pacote.egg-info/PKG-INFO
writing dependency_links to meu_segundo_pacote.egg-info/dependency_links.txt
writing entry points to meu_segundo_pacote.egg-info/entry_points.txt
writing requirements to meu_segundo_pacote.egg-info/requires.txt
writing top-level names to meu_segundo_pacote.egg-info/top_level.txt
writing manifest file 'meu_segundo_pacote.egg-info/SOURCES.txt'
reading manifest file 'meu_segundo_pacote.egg-info/SOURCES.txt'
writing manifest file 'meu_segundo_pacote.egg-info/SOURCES.txt'
running build_ext
Creating /home/robot/ws_aprendendo_ros2/src/install/meu_segundo_pacote/lib/python3.10/site-packages/meu-segundo-pacote.egg-link (link to .)

Installed /home/robot/ws_aprendendo_ros2/src/build/meu_segundo_pacote
running install_data
creating /home/robot/ws_aprendendo_ros2/src/install/meu_segundo_pacote/share/ament_index
creating /home/robot/ws_aprendendo_ros2/src/install/meu_segundo_pacote/share/ament_index/resource_index
creating /home/robot/ws_aprendendo_ros2/src/install/meu_segundo_pacote/share/ament_index/resource_index/packages
copying resource/meu_segundo_pacote -> /home/robot/ws_aprendendo_ros2/src/install/meu_segundo_pacote/share/ament_index/resource_index/packages
copying package.xml -> /home/robot/ws_aprendendo_ros2/src/install/meu_segundo_pacote/share/meu_segundo_pacote
