[1.111s] Invoking command in '/home/robot/ws_aprendendo_ros2/src/build/meu_segundo_pacote': PYTHONPATH=/home/robot/ws_aprendendo_ros2/src/build/meu_segundo_pacote/prefix_override:/home/robot/ws_aprendendo_ros2/src/install/meu_segundo_pacote/lib/python3.10/site-packages:${PYTHONPATH} /usr/bin/python3 setup.py develop --editable --build-directory /home/robot/ws_aprendendo_ros2/src/build/meu_segundo_pacote/build --no-deps install_data
[1.554s] running develop
[1.787s] running egg_info
[1.788s] creating meu_segundo_pacote.egg-info
[1.789s] writing meu_segundo_pacote.egg-info/PKG-INFO
[1.791s] writing dependency_links to meu_segundo_pacote.egg-info/dependency_links.txt
[1.792s] writing entry points to meu_segundo_pacote.egg-info/entry_points.txt
[1.794s] writing requirements to meu_segundo_pacote.egg-info/requires.txt
[1.795s] writing top-level names to meu_segundo_pacote.egg-info/top_level.txt
[1.797s] writing manifest file 'meu_segundo_pacote.egg-info/SOURCES.txt'
[1.819s] reading manifest file 'meu_segundo_pacote.egg-info/SOURCES.txt'
[1.820s] writing manifest file 'meu_segundo_pacote.egg-info/SOURCES.txt'
[1.823s] running build_ext
[1.824s] Creating /home/robot/ws_aprendendo_ros2/src/install/meu_segundo_pacote/lib/python3.10/site-packages/meu-segundo-pacote.egg-link (link to .)
[1.826s] 
[1.827s] Installed /home/robot/ws_aprendendo_ros2/src/build/meu_segundo_pacote
[1.828s] running install_data
[1.829s] creating /home/robot/ws_aprendendo_ros2/src/install/meu_segundo_pacote/share/ament_index
[1.830s] creating /home/robot/ws_aprendendo_ros2/src/install/meu_segundo_pacote/share/ament_index/resource_index
[1.830s] creating /home/robot/ws_aprendendo_ros2/src/install/meu_segundo_pacote/share/ament_index/resource_index/packages
[1.831s] copying resource/meu_segundo_pacote -> /home/robot/ws_aprendendo_ros2/src/install/meu_segundo_pacote/share/ament_index/resource_index/packages
[1.832s] copying package.xml -> /home/robot/ws_aprendendo_ros2/src/install/meu_segundo_pacote/share/meu_segundo_pacote
[1.884s] Invoked command in '/home/robot/ws_aprendendo_ros2/src/build/meu_segundo_pacote' returned '0': PYTHONPATH=/home/robot/ws_aprendendo_ros2/src/build/meu_segundo_pacote/prefix_override:/home/robot/ws_aprendendo_ros2/src/install/meu_segundo_pacote/lib/python3.10/site-packages:${PYTHONPATH} /usr/bin/python3 setup.py develop --editable --build-directory /home/robot/ws_aprendendo_ros2/src/build/meu_segundo_pacote/build --no-deps install_data
