running develop
Removing /home/robot/ws_aprendendo_ros2/src/install/meu_segundo_pacote/lib/python3.10/site-packages/meu-segundo-pacote.egg-link (link to .)
running egg_info
writing ../build/meu_segundo_pacote/meu_segundo_pacote.egg-info/PKG-INFO
writing dependency_links to ../build/meu_segundo_pacote/meu_segundo_pacote.egg-info/dependency_links.txt
writing entry points to ../build/meu_segundo_pacote/meu_segundo_pacote.egg-info/entry_points.txt
writing requirements to ../build/meu_segundo_pacote/meu_segundo_pacote.egg-info/requires.txt
writing top-level names to ../build/meu_segundo_pacote/meu_segundo_pacote.egg-info/top_level.txt
reading manifest file '../build/meu_segundo_pacote/meu_segundo_pacote.egg-info/SOURCES.txt'
writing manifest file '../build/meu_segundo_pacote/meu_segundo_pacote.egg-info/SOURCES.txt'
running build
running build_py
creating /home/robot/ws_aprendendo_ros2/src/build/meu_segundo_pacote/build
creating /home/robot/ws_aprendendo_ros2/src/build/meu_segundo_pacote/build/lib
creating /home/robot/ws_aprendendo_ros2/src/build/meu_segundo_pacote/build/lib/meu_segundo_pacote
copying meu_segundo_pacote/meu_terceiro_no.py -> /home/robot/ws_aprendendo_ros2/src/build/meu_segundo_pacote/build/lib/meu_segundo_pacote
copying meu_segundo_pacote/__init__.py -> /home/robot/ws_aprendendo_ros2/src/build/meu_segundo_pacote/build/lib/meu_segundo_pacote
copying meu_segundo_pacote/meu_segundo_no.py -> /home/robot/ws_aprendendo_ros2/src/build/meu_segundo_pacote/build/lib/meu_segundo_pacote
running install
running install_lib
creating /home/robot/ws_aprendendo_ros2/src/install/meu_segundo_pacote/lib/python3.10/site-packages/meu_segundo_pacote
copying /home/robot/ws_aprendendo_ros2/src/build/meu_segundo_pacote/build/lib/meu_segundo_pacote/meu_terceiro_no.py -> /home/robot/ws_aprendendo_ros2/src/install/meu_segundo_pacote/lib/python3.10/site-packages/meu_segundo_pacote
copying /home/robot/ws_aprendendo_ros2/src/build/meu_segundo_pacote/build/lib/meu_segundo_pacote/__init__.py -> /home/robot/ws_aprendendo_ros2/src/install/meu_segundo_pacote/lib/python3.10/site-packages/meu_segundo_pacote
copying /home/robot/ws_aprendendo_ros2/src/build/meu_segundo_pacote/build/lib/meu_segundo_pacote/meu_segundo_no.py -> /home/robot/ws_aprendendo_ros2/src/install/meu_segundo_pacote/lib/python3.10/site-packages/meu_segundo_pacote
byte-compiling /home/robot/ws_aprendendo_ros2/src/install/meu_segundo_pacote/lib/python3.10/site-packages/meu_segundo_pacote/meu_terceiro_no.py to meu_terceiro_no.cpython-310.pyc
byte-compiling /home/robot/ws_aprendendo_ros2/src/install/meu_segundo_pacote/lib/python3.10/site-packages/meu_segundo_pacote/__init__.py to __init__.cpython-310.pyc
byte-compiling /home/robot/ws_aprendendo_ros2/src/install/meu_segundo_pacote/lib/python3.10/site-packages/meu_segundo_pacote/meu_segundo_no.py to meu_segundo_no.cpython-310.pyc
running install_data
copying package.xml -> /home/robot/ws_aprendendo_ros2/src/install/meu_segundo_pacote/share/meu_segundo_pacote
running install_egg_info
Copying ../build/meu_segundo_pacote/meu_segundo_pacote.egg-info to /home/robot/ws_aprendendo_ros2/src/install/meu_segundo_pacote/lib/python3.10/site-packages/meu_segundo_pacote-0.0.0-py3.10.egg-info
running install_scripts
Installing meu_segundo_no script to /home/robot/ws_aprendendo_ros2/src/install/meu_segundo_pacote/lib/meu_segundo_pacote
writing list of installed files to '/home/robot/ws_aprendendo_ros2/src/build/meu_segundo_pacote/install.log'
