running develop
running egg_info
creating pacote_de_exemplos.egg-info
writing pacote_de_exemplos.egg-info/PKG-INFO
writing dependency_links to pacote_de_exemplos.egg-info/dependency_links.txt
writing entry points to pacote_de_exemplos.egg-info/entry_points.txt
writing requirements to pacote_de_exemplos.egg-info/requires.txt
writing top-level names to pacote_de_exemplos.egg-info/top_level.txt
writing manifest file 'pacote_de_exemplos.egg-info/SOURCES.txt'
reading manifest file 'pacote_de_exemplos.egg-info/SOURCES.txt'
writing manifest file 'pacote_de_exemplos.egg-info/SOURCES.txt'
running build_ext
Creating /home/robot/ws_aprendendo_ros2/src/install/pacote_de_exemplos/lib/python3.10/site-packages/pacote-de-exemplos.egg-link (link to .)
Installing checkpoints script to /home/robot/ws_aprendendo_ros2/src/install/pacote_de_exemplos/lib/pacote_de_exemplos
Installing no_com_classe script to /home/robot/ws_aprendendo_ros2/src/install/pacote_de_exemplos/lib/pacote_de_exemplos
Installing no_simples script to /home/robot/ws_aprendendo_ros2/src/install/pacote_de_exemplos/lib/pacote_de_exemplos
Installing r2d2 script to /home/robot/ws_aprendendo_ros2/src/install/pacote_de_exemplos/lib/pacote_de_exemplos

Installed /home/robot/ws_aprendendo_ros2/src/build/pacote_de_exemplos
running install_data
creating /home/robot/ws_aprendendo_ros2/src/install/pacote_de_exemplos/share/ament_index
creating /home/robot/ws_aprendendo_ros2/src/install/pacote_de_exemplos/share/ament_index/resource_index
creating /home/robot/ws_aprendendo_ros2/src/install/pacote_de_exemplos/share/ament_index/resource_index/packages
copying resource/pacote_de_exemplos -> /home/robot/ws_aprendendo_ros2/src/install/pacote_de_exemplos/share/ament_index/resource_index/packages
copying package.xml -> /home/robot/ws_aprendendo_ros2/src/install/pacote_de_exemplos/share/pacote_de_exemplos
creating /home/robot/ws_aprendendo_ros2/src/install/pacote_de_exemplos/share/pacote_de_exemplos/config
copying config/Default.perspective -> /home/robot/ws_aprendendo_ros2/src/install/pacote_de_exemplos/share/pacote_de_exemplos/config/
creating /home/robot/ws_aprendendo_ros2/src/install/pacote_de_exemplos/share/pacote_de_exemplos/config/map
copying config/map/map.yaml -> /home/robot/ws_aprendendo_ros2/src/install/pacote_de_exemplos/share/pacote_de_exemplos/config/map
copying config/map/map.pgm -> /home/robot/ws_aprendendo_ros2/src/install/pacote_de_exemplos/share/pacote_de_exemplos/config/map
copying config/map/checkpoints.json -> /home/robot/ws_aprendendo_ros2/src/install/pacote_de_exemplos/share/pacote_de_exemplos/config/map
creating /home/robot/ws_aprendendo_ros2/src/install/pacote_de_exemplos/share/pacote_de_exemplos/config/rviz
copying config/rviz/navigation.rviz -> /home/robot/ws_aprendendo_ros2/src/install/pacote_de_exemplos/share/pacote_de_exemplos/config/rviz
copying config/rviz/robot.rviz -> /home/robot/ws_aprendendo_ros2/src/install/pacote_de_exemplos/share/pacote_de_exemplos/config/rviz
copying config/rviz/mapping_cartographer.rviz -> /home/robot/ws_aprendendo_ros2/src/install/pacote_de_exemplos/share/pacote_de_exemplos/config/rviz
copying config/rviz/mapping_slam_toolbox.rviz -> /home/robot/ws_aprendendo_ros2/src/install/pacote_de_exemplos/share/pacote_de_exemplos/config/rviz
creating /home/robot/ws_aprendendo_ros2/src/install/pacote_de_exemplos/share/pacote_de_exemplos/config/nav
copying config/nav/slam_toolbox.yaml -> /home/robot/ws_aprendendo_ros2/src/install/pacote_de_exemplos/share/pacote_de_exemplos/config/nav
copying config/nav/nav2_params.yaml -> /home/robot/ws_aprendendo_ros2/src/install/pacote_de_exemplos/share/pacote_de_exemplos/config/nav
copying config/nav/ekf.yaml -> /home/robot/ws_aprendendo_ros2/src/install/pacote_de_exemplos/share/pacote_de_exemplos/config/nav
copying config/nav/cartographer.lua -> /home/robot/ws_aprendendo_ros2/src/install/pacote_de_exemplos/share/pacote_de_exemplos/config/nav
creating /home/robot/ws_aprendendo_ros2/src/install/pacote_de_exemplos/share/pacote_de_exemplos/launch
copying launch/simulation.launch.py -> /home/robot/ws_aprendendo_ros2/src/install/pacote_de_exemplos/share/pacote_de_exemplos/launch/
copying launch/mapping_cartographer.launch.py -> /home/robot/ws_aprendendo_ros2/src/install/pacote_de_exemplos/share/pacote_de_exemplos/launch/
copying launch/navigation2.launch.py -> /home/robot/ws_aprendendo_ros2/src/install/pacote_de_exemplos/share/pacote_de_exemplos/launch/
copying launch/mapping_slam_toolbox.launch.py -> /home/robot/ws_aprendendo_ros2/src/install/pacote_de_exemplos/share/pacote_de_exemplos/launch/
copying launch/load.launch.py -> /home/robot/ws_aprendendo_ros2/src/install/pacote_de_exemplos/share/pacote_de_exemplos/launch/
copying launch/display.launch.py -> /home/robot/ws_aprendendo_ros2/src/install/pacote_de_exemplos/share/pacote_de_exemplos/launch/
copying launch/navigation.launch.py -> /home/robot/ws_aprendendo_ros2/src/install/pacote_de_exemplos/share/pacote_de_exemplos/launch/
copying launch/turtlebot.launch.py -> /home/robot/ws_aprendendo_ros2/src/install/pacote_de_exemplos/share/pacote_de_exemplos/launch/
copying launch/exemplo.launch.py -> /home/robot/ws_aprendendo_ros2/src/install/pacote_de_exemplos/share/pacote_de_exemplos/launch/
copying launch/load_turtlebot.launch.py -> /home/robot/ws_aprendendo_ros2/src/install/pacote_de_exemplos/share/pacote_de_exemplos/launch/
creating /home/robot/ws_aprendendo_ros2/src/install/pacote_de_exemplos/share/pacote_de_exemplos/simulation
creating /home/robot/ws_aprendendo_ros2/src/install/pacote_de_exemplos/share/pacote_de_exemplos/simulation/worlds
copying simulation/worlds/simple_room.world -> /home/robot/ws_aprendendo_ros2/src/install/pacote_de_exemplos/share/pacote_de_exemplos/simulation/worlds
copying simulation/worlds/simple_room_with_random_boxes.world -> /home/robot/ws_aprendendo_ros2/src/install/pacote_de_exemplos/share/pacote_de_exemplos/simulation/worlds
copying simulation/worlds/simple_room_with_fixed_boxes.world -> /home/robot/ws_aprendendo_ros2/src/install/pacote_de_exemplos/share/pacote_de_exemplos/simulation/worlds
copying simulation/worlds/empty.world -> /home/robot/ws_aprendendo_ros2/src/install/pacote_de_exemplos/share/pacote_de_exemplos/simulation/worlds
creating /home/robot/ws_aprendendo_ros2/src/install/pacote_de_exemplos/share/pacote_de_exemplos/simulation/models
creating /home/robot/ws_aprendendo_ros2/src/install/pacote_de_exemplos/share/pacote_de_exemplos/simulation/models/r2d2
copying simulation/models/r2d2/model.sdf -> /home/robot/ws_aprendendo_ros2/src/install/pacote_de_exemplos/share/pacote_de_exemplos/simulation/models/r2d2
copying simulation/models/r2d2/model.config -> /home/robot/ws_aprendendo_ros2/src/install/pacote_de_exemplos/share/pacote_de_exemplos/simulation/models/r2d2
creating /home/robot/ws_aprendendo_ros2/src/install/pacote_de_exemplos/share/pacote_de_exemplos/simulation/models/wood_square
copying simulation/models/wood_square/model.sdf -> /home/robot/ws_aprendendo_ros2/src/install/pacote_de_exemplos/share/pacote_de_exemplos/simulation/models/wood_square
copying simulation/models/wood_square/model.config -> /home/robot/ws_aprendendo_ros2/src/install/pacote_de_exemplos/share/pacote_de_exemplos/simulation/models/wood_square
creating /home/robot/ws_aprendendo_ros2/src/install/pacote_de_exemplos/share/pacote_de_exemplos/simulation/models/box
copying simulation/models/box/model.sdf -> /home/robot/ws_aprendendo_ros2/src/install/pacote_de_exemplos/share/pacote_de_exemplos/simulation/models/box
copying simulation/models/box/model.config -> /home/robot/ws_aprendendo_ros2/src/install/pacote_de_exemplos/share/pacote_de_exemplos/simulation/models/box
creating /home/robot/ws_aprendendo_ros2/src/install/pacote_de_exemplos/share/pacote_de_exemplos/simulation/models/simple_room
copying simulation/models/simple_room/model.sdf -> /home/robot/ws_aprendendo_ros2/src/install/pacote_de_exemplos/share/pacote_de_exemplos/simulation/models/simple_room
copying simulation/models/simple_room/model.config -> /home/robot/ws_aprendendo_ros2/src/install/pacote_de_exemplos/share/pacote_de_exemplos/simulation/models/simple_room
creating /home/robot/ws_aprendendo_ros2/src/install/pacote_de_exemplos/share/pacote_de_exemplos/urdf
copying urdf/robot.urdf -> /home/robot/ws_aprendendo_ros2/src/install/pacote_de_exemplos/share/pacote_de_exemplos/urdf/
copying urdf/sam_bot_description.urdf -> /home/robot/ws_aprendendo_ros2/src/install/pacote_de_exemplos/share/pacote_de_exemplos/urdf/
copying urdf/myfirstrobot.urdf -> /home/robot/ws_aprendendo_ros2/src/install/pacote_de_exemplos/share/pacote_de_exemplos/urdf/
copying urdf/myfirstrobot.urdf.xacro -> /home/robot/ws_aprendendo_ros2/src/install/pacote_de_exemplos/share/pacote_de_exemplos/urdf/
creating /home/robot/ws_aprendendo_ros2/src/install/pacote_de_exemplos/share/pacote_de_exemplos/urdf/simulation
copying urdf/simulation/gazebo_base.urdf.xacro -> /home/robot/ws_aprendendo_ros2/src/install/pacote_de_exemplos/share/pacote_de_exemplos/urdf/simulation
copying urdf/simulation/imu.urdf.xacro -> /home/robot/ws_aprendendo_ros2/src/install/pacote_de_exemplos/share/pacote_de_exemplos/urdf/simulation
copying urdf/simulation/gazebo_laser.urdf.xacro -> /home/robot/ws_aprendendo_ros2/src/install/pacote_de_exemplos/share/pacote_de_exemplos/urdf/simulation
copying urdf/simulation/gazebo_camera.urdf.xacro -> /home/robot/ws_aprendendo_ros2/src/install/pacote_de_exemplos/share/pacote_de_exemplos/urdf/simulation
creating /home/robot/ws_aprendendo_ros2/src/install/pacote_de_exemplos/share/pacote_de_exemplos/urdf/macros
copying urdf/macros/properties.urdf.xacro -> /home/robot/ws_aprendendo_ros2/src/install/pacote_de_exemplos/share/pacote_de_exemplos/urdf/macros
copying urdf/macros/link_geometry.urdf.xacro -> /home/robot/ws_aprendendo_ros2/src/install/pacote_de_exemplos/share/pacote_de_exemplos/urdf/macros
creating /home/robot/ws_aprendendo_ros2/src/install/pacote_de_exemplos/share/pacote_de_exemplos/urdf/macros/parts
copying urdf/macros/parts/wheel.urdf.xacro -> /home/robot/ws_aprendendo_ros2/src/install/pacote_de_exemplos/share/pacote_de_exemplos/urdf/macros/parts
copying urdf/macros/parts/base.urdf.xacro -> /home/robot/ws_aprendendo_ros2/src/install/pacote_de_exemplos/share/pacote_de_exemplos/urdf/macros/parts
copying urdf/macros/parts/head.urdf.xacro -> /home/robot/ws_aprendendo_ros2/src/install/pacote_de_exemplos/share/pacote_de_exemplos/urdf/macros/parts
copying urdf/macros/parts/leg.urdf.xacro -> /home/robot/ws_aprendendo_ros2/src/install/pacote_de_exemplos/share/pacote_de_exemplos/urdf/macros/parts
