running develop
running egg_info
creating meu_primeiro_pacote.egg-info
writing meu_primeiro_pacote.egg-info/PKG-INFO
writing dependency_links to meu_primeiro_pacote.egg-info/dependency_links.txt
writing entry points to meu_primeiro_pacote.egg-info/entry_points.txt
writing requirements to meu_primeiro_pacote.egg-info/requires.txt
writing top-level names to meu_primeiro_pacote.egg-info/top_level.txt
writing manifest file 'meu_primeiro_pacote.egg-info/SOURCES.txt'
reading manifest file 'meu_primeiro_pacote.egg-info/SOURCES.txt'
writing manifest file 'meu_primeiro_pacote.egg-info/SOURCES.txt'
running build_ext
Creating /home/robot/ws_aprendendo_ros2/src/install/meu_primeiro_pacote/lib/python3.10/site-packages/meu-primeiro-pacote.egg-link (link to .)
Installing meu_primeiro_no script to /home/robot/ws_aprendendo_ros2/src/install/meu_primeiro_pacote/lib/meu_primeiro_pacote

Installed /home/robot/ws_aprendendo_ros2/src/build/meu_primeiro_pacote
running install_data
creating /home/robot/ws_aprendendo_ros2/src/install/meu_primeiro_pacote/share/ament_index
creating /home/robot/ws_aprendendo_ros2/src/install/meu_primeiro_pacote/share/ament_index/resource_index
creating /home/robot/ws_aprendendo_ros2/src/install/meu_primeiro_pacote/share/ament_index/resource_index/packages
copying resource/meu_primeiro_pacote -> /home/robot/ws_aprendendo_ros2/src/install/meu_primeiro_pacote/share/ament_index/resource_index/packages
copying package.xml -> /home/robot/ws_aprendendo_ros2/src/install/meu_primeiro_pacote/share/meu_primeiro_pacote
creating /home/robot/ws_aprendendo_ros2/src/install/meu_primeiro_pacote/share/meu_primeiro_pacote/launch
copying launch/meu_primeiro_launch.py -> /home/robot/ws_aprendendo_ros2/src/install/meu_primeiro_pacote/share/meu_primeiro_pacote/launch
