[0.635s] Invoking command in '/home/robot/ws_aprendendo_ros2/src/build/pacote_de_exemplos': PYTHONPATH=/home/robot/ws_aprendendo_ros2/src/build/pacote_de_exemplos/prefix_override:/home/robot/ws_aprendendo_ros2/src/install/pacote_de_exemplos/lib/python3.10/site-packages:${PYTHONPATH} /usr/bin/python3 setup.py develop --uninstall --editable --build-directory /home/robot/ws_aprendendo_ros2/src/build/pacote_de_exemplos/build
[0.891s] running develop
[1.063s] Invoked command in '/home/robot/ws_aprendendo_ros2/src/build/pacote_de_exemplos' returned '0': PYTHONPATH=/home/robot/ws_aprendendo_ros2/src/build/pacote_de_exemplos/prefix_override:/home/robot/ws_aprendendo_ros2/src/install/pacote_de_exemplos/lib/python3.10/site-packages:${PYTHONPATH} /usr/bin/python3 setup.py develop --uninstall --editable --build-directory /home/robot/ws_aprendendo_ros2/src/build/pacote_de_exemplos/build
[1.064s] Invoking command in '/home/robot/ws_aprendendo_ros2/src/pacote_de_exemplos': PYTHONPATH=/home/robot/ws_aprendendo_ros2/src/build/pacote_de_exemplos/prefix_override:/home/robot/ws_aprendendo_ros2/src/install/pacote_de_exemplos/lib/python3.10/site-packages:${PYTHONPATH} /usr/bin/python3 setup.py egg_info --egg-base ../build/pacote_de_exemplos build --build-base /home/robot/ws_aprendendo_ros2/src/build/pacote_de_exemplos/build install --record /home/robot/ws_aprendendo_ros2/src/build/pacote_de_exemplos/install.log --single-version-externally-managed
[1.298s] running egg_info
[1.300s] writing ../build/pacote_de_exemplos/pacote_de_exemplos.egg-info/PKG-INFO
[1.301s] writing dependency_links to ../build/pacote_de_exemplos/pacote_de_exemplos.egg-info/dependency_links.txt
[1.302s] writing entry points to ../build/pacote_de_exemplos/pacote_de_exemplos.egg-info/entry_points.txt
[1.302s] writing requirements to ../build/pacote_de_exemplos/pacote_de_exemplos.egg-info/requires.txt
[1.303s] writing top-level names to ../build/pacote_de_exemplos/pacote_de_exemplos.egg-info/top_level.txt
[1.304s] reading manifest file '../build/pacote_de_exemplos/pacote_de_exemplos.egg-info/SOURCES.txt'
[1.306s] writing manifest file '../build/pacote_de_exemplos/pacote_de_exemplos.egg-info/SOURCES.txt'
[1.307s] running build
[1.308s] running build_py
[1.308s] running install
[1.309s] running install_lib
[1.310s] running install_data
[1.311s] running install_egg_info
[1.321s] removing '/home/robot/ws_aprendendo_ros2/src/install/pacote_de_exemplos/lib/python3.10/site-packages/pacote_de_exemplos-0.0.0-py3.10.egg-info' (and everything under it)
[1.321s] Copying ../build/pacote_de_exemplos/pacote_de_exemplos.egg-info to /home/robot/ws_aprendendo_ros2/src/install/pacote_de_exemplos/lib/python3.10/site-packages/pacote_de_exemplos-0.0.0-py3.10.egg-info
[1.322s] running install_scripts
[1.337s] Installing checkpoints script to /home/robot/ws_aprendendo_ros2/src/install/pacote_de_exemplos/lib/pacote_de_exemplos
[1.338s] Installing no_com_classe script to /home/robot/ws_aprendendo_ros2/src/install/pacote_de_exemplos/lib/pacote_de_exemplos
[1.339s] Installing no_simples script to /home/robot/ws_aprendendo_ros2/src/install/pacote_de_exemplos/lib/pacote_de_exemplos
[1.339s] Installing r2d2 script to /home/robot/ws_aprendendo_ros2/src/install/pacote_de_exemplos/lib/pacote_de_exemplos
[1.340s] writing list of installed files to '/home/robot/ws_aprendendo_ros2/src/build/pacote_de_exemplos/install.log'
[1.359s] Invoked command in '/home/robot/ws_aprendendo_ros2/src/pacote_de_exemplos' returned '0': PYTHONPATH=/home/robot/ws_aprendendo_ros2/src/build/pacote_de_exemplos/prefix_override:/home/robot/ws_aprendendo_ros2/src/install/pacote_de_exemplos/lib/python3.10/site-packages:${PYTHONPATH} /usr/bin/python3 setup.py egg_info --egg-base ../build/pacote_de_exemplos build --build-base /home/robot/ws_aprendendo_ros2/src/build/pacote_de_exemplos/build install --record /home/robot/ws_aprendendo_ros2/src/build/pacote_de_exemplos/install.log --single-version-externally-managed
