[1.150s] Invoking command in '/home/robot/ws_aprendendo_ros2/src/build/meu_segundo_pacote': PYTHONPATH=/home/robot/ws_aprendendo_ros2/src/build/meu_segundo_pacote/prefix_override:/home/robot/ws_aprendendo_ros2/src/install/meu_segundo_pacote/lib/python3.10/site-packages:${PYTHONPATH} /usr/bin/python3 setup.py develop --uninstall --editable --build-directory /home/robot/ws_aprendendo_ros2/src/build/meu_segundo_pacote/build
[1.564s] running develop
[1.845s] Invoked command in '/home/robot/ws_aprendendo_ros2/src/build/meu_segundo_pacote' returned '0': PYTHONPATH=/home/robot/ws_aprendendo_ros2/src/build/meu_segundo_pacote/prefix_override:/home/robot/ws_aprendendo_ros2/src/install/meu_segundo_pacote/lib/python3.10/site-packages:${PYTHONPATH} /usr/bin/python3 setup.py develop --uninstall --editable --build-directory /home/robot/ws_aprendendo_ros2/src/build/meu_segundo_pacote/build
[1.846s] Invoking command in '/home/robot/ws_aprendendo_ros2/src/meu_segundo_pacote': PYTHONPATH=/home/robot/ws_aprendendo_ros2/src/build/meu_segundo_pacote/prefix_override:/home/robot/ws_aprendendo_ros2/src/install/meu_segundo_pacote/lib/python3.10/site-packages:${PYTHONPATH} /usr/bin/python3 setup.py egg_info --egg-base ../build/meu_segundo_pacote build --build-base /home/robot/ws_aprendendo_ros2/src/build/meu_segundo_pacote/build install --record /home/robot/ws_aprendendo_ros2/src/build/meu_segundo_pacote/install.log --single-version-externally-managed
[2.251s] running egg_info
[2.252s] writing ../build/meu_segundo_pacote/meu_segundo_pacote.egg-info/PKG-INFO
[2.252s] writing dependency_links to ../build/meu_segundo_pacote/meu_segundo_pacote.egg-info/dependency_links.txt
[2.253s] writing entry points to ../build/meu_segundo_pacote/meu_segundo_pacote.egg-info/entry_points.txt
[2.253s] writing requirements to ../build/meu_segundo_pacote/meu_segundo_pacote.egg-info/requires.txt
[2.254s] writing top-level names to ../build/meu_segundo_pacote/meu_segundo_pacote.egg-info/top_level.txt
[2.256s] reading manifest file '../build/meu_segundo_pacote/meu_segundo_pacote.egg-info/SOURCES.txt'
[2.258s] writing manifest file '../build/meu_segundo_pacote/meu_segundo_pacote.egg-info/SOURCES.txt'
[2.258s] running build
[2.259s] running build_py
[2.259s] running install
[2.260s] running install_lib
[2.262s] running install_data
[2.263s] running install_egg_info
[2.265s] removing '/home/robot/ws_aprendendo_ros2/src/install/meu_segundo_pacote/lib/python3.10/site-packages/meu_segundo_pacote-0.0.0-py3.10.egg-info' (and everything under it)
[2.272s] Copying ../build/meu_segundo_pacote/meu_segundo_pacote.egg-info to /home/robot/ws_aprendendo_ros2/src/install/meu_segundo_pacote/lib/python3.10/site-packages/meu_segundo_pacote-0.0.0-py3.10.egg-info
[2.274s] running install_scripts
[2.300s] Installing meu_segundo_no script to /home/robot/ws_aprendendo_ros2/src/install/meu_segundo_pacote/lib/meu_segundo_pacote
[2.300s] Installing meu_terceiro_no script to /home/robot/ws_aprendendo_ros2/src/install/meu_segundo_pacote/lib/meu_segundo_pacote
[2.301s] writing list of installed files to '/home/robot/ws_aprendendo_ros2/src/build/meu_segundo_pacote/install.log'
[2.345s] Invoked command in '/home/robot/ws_aprendendo_ros2/src/meu_segundo_pacote' returned '0': PYTHONPATH=/home/robot/ws_aprendendo_ros2/src/build/meu_segundo_pacote/prefix_override:/home/robot/ws_aprendendo_ros2/src/install/meu_segundo_pacote/lib/python3.10/site-packages:${PYTHONPATH} /usr/bin/python3 setup.py egg_info --egg-base ../build/meu_segundo_pacote build --build-base /home/robot/ws_aprendendo_ros2/src/build/meu_segundo_pacote/build install --record /home/robot/ws_aprendendo_ros2/src/build/meu_segundo_pacote/install.log --single-version-externally-managed
